<?xml version="1.0" encoding="UTF-8"?>
<testng-results ignored="0" total="2" passed="2" failed="0" skipped="0">
  <reporter-output>
  </reporter-output>
  <suite started-at="2020-09-02T23:29:10 IST" name="Default suite" finished-at="2020-09-02T23:29:10 IST" duration-ms="316">
    <groups>
    </groups>
    <test started-at="2020-09-02T23:29:10 IST" name="Default test" finished-at="2020-09-02T23:29:10 IST" duration-ms="316">
      <class name="justsoko.MavenJava.AppiumTest">
        <test-method signature="IOSapp()[pri:0, instance:justsoko.MavenJava.AppiumTest@4b0b0854]" started-at="2020-09-02T23:29:10 IST" name="IOSapp" finished-at="2020-09-02T23:29:10 IST" duration-ms="54" status="PASS">
          <reporter-output>
          </reporter-output>
        </test-method> <!-- IOSapp -->
        <test-method signature="nativeApp()[pri:0, instance:justsoko.MavenJava.AppiumTest@4b0b0854]" started-at="2020-09-02T23:29:10 IST" name="nativeApp" finished-at="2020-09-02T23:29:10 IST" duration-ms="8" status="PASS">
          <reporter-output>
          </reporter-output>
        </test-method> <!-- nativeApp -->
      </class> <!-- justsoko.MavenJava.AppiumTest -->
    </test> <!-- Default test -->
  </suite> <!-- Default suite -->
</testng-results>
